<?xml version="1.0" encoding="UTF-8"?>
<!-- Generated by org.testng.reporters.JUnitReportReporter -->
<testsuite hostname="Manojs-MacBook-Pro.local" failures="0" tests="3" name="manoj.TestSuit.TestCases" time="3.225" errors="0" timestamp="2021-06-11T15:02:35 EDT" skipped="0">
  <testcase classname="manoj.TestSuit.TestCases" name="LogIn" time="0.624"/>
  <system-out/>
  <testcase classname="manoj.TestSuit.TestCases" name="first" time="2.415"/>
  <system-out/>
  <testcase classname="manoj.TestSuit.TestCases" name="HomeClick" time="0.186"/>
  <system-out/>
</testsuite> <!-- manoj.TestSuit.TestCases -->
